<?xml version="1.0" encoding="UTF-8"?>
<testsuites name="Login_Test" time="79.492" tests="4" failures="0" errors="0">
   <testsuite name="Login_Test" tests="4" failures="0" errors="0" time="79.492" skipped="0" timestamp="2023-04-28 16:09:42" hostname="wahyu - 192.168.195.141" id="Test Suites/Login_Test">
      <properties>
         <property name="deviceName" value="emulator-5554 (Android SDK built for x86 - Android 10)"/>
         <property name="devicePlatform" value=""/>
         <property name="logFolder" value="C:\\Users\\wahyu\\Desktop\\Automate\\Katalon Studio\\Sample Project\\Mobile\\Katalon-Mobile-Uniqlo\\Reports\\20230428_160940\\Login_Test\\20230428_160940"/>
         <property name="logFiles" value="C:\\Users\\wahyu\\Desktop\\Automate\\Katalon Studio\\Sample Project\\Mobile\\Katalon-Mobile-Uniqlo\\Reports\\20230428_160940\\Login_Test\\20230428_160940\\appium.log, C:\\Users\\wahyu\\Desktop\\Automate\\Katalon Studio\\Sample Project\\Mobile\\Katalon-Mobile-Uniqlo\\Reports\\20230428_160940\\Login_Test\\20230428_160940\\execution0.log"/>
         <property name="attachments" value="capture\login_only_inputting_email.png, capture\login_only_inputting_INvalid_password.png, capture\login_only_inputting_valid_password.png, capture\login_without_entering_email_and_password.png"/>
         <property name="hostName" value="wahyu - 192.168.195.141"/>
         <property name="os" value="Windows 10 64bit"/>
         <property name="appiumServerStatus" value="{&quot;value&quot;:{&quot;build&quot;:{&quot;version&quot;:&quot;1.22.3&quot;}},&quot;sessionId&quot;:null,&quot;status&quot;:0}"/>
         <property name="katalonVersion" value="8.6.0.208"/>
         <property name="deviceOS" value="Android"/>
         <property name="appiumVersion" value="1.22.3"/>
         <property name="deviceModel" value="Android SDK built for x86"/>
         <property name="hostAddress" value="192.168.195.141"/>
         <property name="deviceManufacturer" value="Google"/>
         <property name="deviceId" value="emulator-5554"/>
         <property name="deviceName" value="emulator-5554 (Android SDK built for x86 - Android 10)"/>
         <property name="deviceOSVersion" value="10"/>
      </properties>
      <testcase name="Test Cases/login_only_inputting_email" time="19.697" classname="Test Cases/login_only_inputting_email" status="PASSED">
         <system-out><![CDATA[2023-04-28 16:09:42 - [TEST_CASE][PASSED] - Test Cases/login_only_inputting_email: Test Cases/login_only_inputting_email

2023-04-28 16:09:43 - [TEST_STEP][PASSED] - startApplication(apk, false): Started app at: 'C:\Users\wahyu\Desktop\Automate\Katalon Studio\Sample Project\Mobile\Katalon-Mobile-Uniqlo\apk\uniqlo_ID.apk'

2023-04-28 16:09:43 - [MESSAGE][INFO] - Detected NodeJS location: "C:\Program Files\nodejs\node.exe"

2023-04-28 16:09:44 - [MESSAGE][INFO] - Appium server started on port 57,722

2023-04-28 16:09:52 - [MESSAGE][PASSED] - Started app at: 'C:\Users\wahyu\Desktop\Automate\Katalon Studio\Sample Project\Mobile\Katalon-Mobile-Uniqlo\apk\uniqlo_ID.apk'

2023-04-28 16:09:52 - [TEST_STEP][PASSED] - tap(findTestObject("Login_Repository/login_or_register_Button"), 0): Tapped on element 'Object Repository/Login_Repository/login_or_register_Button'

2023-04-28 16:09:52 - [MESSAGE][WARNING] - Timeout '0' is invalid. Using default page load timeout: '20'

2023-04-28 16:09:53 - [MESSAGE][PASSED] - Tapped on element 'Object Repository/Login_Repository/login_or_register_Button'

2023-04-28 16:09:53 - [TEST_STEP][PASSED] - setText(findTestObject("Login_Repository/Email_input (1)"), "derryjhon@example.com", 0): Text 'derryjhon@example.com' has been set to element 'Object Repository/Login_Repository/Email_input (1)'

2023-04-28 16:09:53 - [MESSAGE][WARNING] - Timeout '0' is invalid. Using default page load timeout: '20'

2023-04-28 16:09:56 - [MESSAGE][PASSED] - Text 'derryjhon@example.com' has been set to element 'Object Repository/Login_Repository/Email_input (1)'

2023-04-28 16:09:56 - [TEST_STEP][PASSED] - tap(findTestObject("Login_Repository/LogIn_Button"), 0): Tapped on element 'Object Repository/Login_Repository/LogIn_Button'

2023-04-28 16:09:56 - [MESSAGE][WARNING] - Timeout '0' is invalid. Using default page load timeout: '20'

2023-04-28 16:09:57 - [MESSAGE][PASSED] - Tapped on element 'Object Repository/Login_Repository/LogIn_Button'

2023-04-28 16:09:57 - [TEST_STEP][PASSED] - verifyElementText(findTestObject("Login_Repository/Verify_error_password_notification"), "Please enter a password."): Actual text and expected text of test object 'Object Repository/Login_Repository/Verify_error_password_notification' are matched.

2023-04-28 16:09:58 - [MESSAGE][PASSED] - Actual text and expected text of test object 'Object Repository/Login_Repository/Verify_error_password_notification' are matched.

2023-04-28 16:09:58 - [TEST_STEP][PASSED] - verifyElementText(findTestObject("Login_Repository/Verify_error_password_requirement_notif"), "Password must be at least 8 characters, and contain both letters and numbers."): Actual text and expected text of test object 'Object Repository/Login_Repository/Verify_error_password_requirement_notif' are matched.

2023-04-28 16:09:58 - [MESSAGE][PASSED] - Actual text and expected text of test object 'Object Repository/Login_Repository/Verify_error_password_requirement_notif' are matched.

2023-04-28 16:09:58 - [TEST_STEP][PASSED] - delay(3, STOP_ON_FAILURE): Delayed 3 second(s)

2023-04-28 16:10:01 - [MESSAGE][PASSED] - Delayed 3 second(s)

2023-04-28 16:10:01 - [TEST_STEP][PASSED] - takeScreenshot("capture\login_only_inputting_email.png", STOP_ON_FAILURE): Screenshot is taken

2023-04-28 16:10:02 - [MESSAGE][PASSED] - Screenshot is taken
[[ATTACHMENT|capture\login_only_inputting_email.png]]

2023-04-28 16:10:02 - [TEST_STEP][PASSED] - closeApplication(): Close app successfully

2023-04-28 16:10:02 - [MESSAGE][PASSED] - Close app successfully]]></system-out>
         <system-err><![CDATA[]]></system-err>
      </testcase>
      <testcase name="Test Cases/login_only_inputting_invalid_password" time="19.771" classname="Test Cases/login_only_inputting_invalid_password" status="PASSED">
         <system-out><![CDATA[2023-04-28 16:10:02 - [TEST_CASE][PASSED] - Test Cases/login_only_inputting_invalid_password: Test Cases/login_only_inputting_invalid_password

2023-04-28 16:10:02 - [TEST_STEP][PASSED] - startApplication(apk, false): Started app at: 'C:\Users\wahyu\Desktop\Automate\Katalon Studio\Sample Project\Mobile\Katalon-Mobile-Uniqlo\apk\uniqlo_ID.apk'

2023-04-28 16:10:02 - [MESSAGE][INFO] - Detected NodeJS location: "C:\Program Files\nodejs\node.exe"

2023-04-28 16:10:03 - [MESSAGE][INFO] - Appium server started on port 57,887

2023-04-28 16:10:11 - [MESSAGE][PASSED] - Started app at: 'C:\Users\wahyu\Desktop\Automate\Katalon Studio\Sample Project\Mobile\Katalon-Mobile-Uniqlo\apk\uniqlo_ID.apk'

2023-04-28 16:10:11 - [TEST_STEP][PASSED] - tap(findTestObject("Login_Repository/login_or_register_Button"), 0): Tapped on element 'Object Repository/Login_Repository/login_or_register_Button'

2023-04-28 16:10:11 - [MESSAGE][WARNING] - Timeout '0' is invalid. Using default page load timeout: '20'

2023-04-28 16:10:13 - [MESSAGE][PASSED] - Tapped on element 'Object Repository/Login_Repository/login_or_register_Button'

2023-04-28 16:10:13 - [TEST_STEP][PASSED] - setText(findTestObject("Login_Repository/Password_input (1)"), "jhon123", 0): Text 'jhon123' has been set to element 'Object Repository/Login_Repository/Password_input (1)'

2023-04-28 16:10:13 - [MESSAGE][WARNING] - Timeout '0' is invalid. Using default page load timeout: '20'

2023-04-28 16:10:16 - [MESSAGE][PASSED] - Text 'jhon123' has been set to element 'Object Repository/Login_Repository/Password_input (1)'

2023-04-28 16:10:16 - [TEST_STEP][PASSED] - tap(findTestObject("Login_Repository/LogIn_Button"), 0): Tapped on element 'Object Repository/Login_Repository/LogIn_Button'

2023-04-28 16:10:16 - [MESSAGE][WARNING] - Timeout '0' is invalid. Using default page load timeout: '20'

2023-04-28 16:10:17 - [MESSAGE][PASSED] - Tapped on element 'Object Repository/Login_Repository/LogIn_Button'

2023-04-28 16:10:17 - [TEST_STEP][PASSED] - verifyElementText(findTestObject("Login_Repository/Verify_error_email_notification"), "Please enter an email address."): Actual text and expected text of test object 'Object Repository/Login_Repository/Verify_error_email_notification' are matched.

2023-04-28 16:10:18 - [MESSAGE][PASSED] - Actual text and expected text of test object 'Object Repository/Login_Repository/Verify_error_email_notification' are matched.

2023-04-28 16:10:18 - [TEST_STEP][PASSED] - verifyElementText(findTestObject("Login_Repository/Verify_error_password_requirement_notif"), "Password must be at least 8 characters, and contain both letters and numbers."): Actual text and expected text of test object 'Object Repository/Login_Repository/Verify_error_password_requirement_notif' are matched.

2023-04-28 16:10:18 - [MESSAGE][PASSED] - Actual text and expected text of test object 'Object Repository/Login_Repository/Verify_error_password_requirement_notif' are matched.

2023-04-28 16:10:18 - [TEST_STEP][PASSED] - verifyElementText(findTestObject("Login_Repository/Verify_error_password_requirement_detail_notif"), "Password must be 8 – 20 letters, and contain both letters and numbers; optionally symbols shown here can be used: - _ . @"): Actual text and expected text of test object 'Object Repository/Login_Repository/Verify_error_password_requirement_detail_notif' are matched.

2023-04-28 16:10:18 - [MESSAGE][PASSED] - Actual text and expected text of test object 'Object Repository/Login_Repository/Verify_error_password_requirement_detail_notif' are matched.

2023-04-28 16:10:18 - [TEST_STEP][PASSED] - delay(3, STOP_ON_FAILURE): Delayed 3 second(s)

2023-04-28 16:10:21 - [MESSAGE][PASSED] - Delayed 3 second(s)

2023-04-28 16:10:21 - [TEST_STEP][PASSED] - takeScreenshot("capture\login_only_inputting_INvalid_password.png", STOP_ON_FAILURE): Screenshot is taken

2023-04-28 16:10:22 - [MESSAGE][PASSED] - Screenshot is taken
[[ATTACHMENT|capture\login_only_inputting_INvalid_password.png]]

2023-04-28 16:10:22 - [TEST_STEP][PASSED] - closeApplication(): Close app successfully

2023-04-28 16:10:22 - [MESSAGE][PASSED] - Close app successfully]]></system-out>
         <system-err><![CDATA[]]></system-err>
      </testcase>
      <testcase name="Test Cases/login_only_inputting_valid_password" time="20.043" classname="Test Cases/login_only_inputting_valid_password" status="PASSED">
         <system-out><![CDATA[2023-04-28 16:10:22 - [TEST_CASE][PASSED] - Test Cases/login_only_inputting_valid_password: Test Cases/login_only_inputting_valid_password

2023-04-28 16:10:22 - [TEST_STEP][PASSED] - startApplication(apk, false): Started app at: 'C:\Users\wahyu\Desktop\Automate\Katalon Studio\Sample Project\Mobile\Katalon-Mobile-Uniqlo\apk\uniqlo_ID.apk'

2023-04-28 16:10:22 - [MESSAGE][INFO] - Detected NodeJS location: "C:\Program Files\nodejs\node.exe"

2023-04-28 16:10:23 - [MESSAGE][INFO] - Appium server started on port 58,053

2023-04-28 16:10:31 - [MESSAGE][PASSED] - Started app at: 'C:\Users\wahyu\Desktop\Automate\Katalon Studio\Sample Project\Mobile\Katalon-Mobile-Uniqlo\apk\uniqlo_ID.apk'

2023-04-28 16:10:31 - [TEST_STEP][PASSED] - tap(findTestObject("Login_Repository/login_or_register_Button"), 0): Tapped on element 'Object Repository/Login_Repository/login_or_register_Button'

2023-04-28 16:10:31 - [MESSAGE][WARNING] - Timeout '0' is invalid. Using default page load timeout: '20'

2023-04-28 16:10:33 - [MESSAGE][PASSED] - Tapped on element 'Object Repository/Login_Repository/login_or_register_Button'

2023-04-28 16:10:33 - [TEST_STEP][PASSED] - setText(findTestObject("Login_Repository/Password_input (1)"), "@Jhon123", 0): Text '@Jhon123' has been set to element 'Object Repository/Login_Repository/Password_input (1)'

2023-04-28 16:10:33 - [MESSAGE][WARNING] - Timeout '0' is invalid. Using default page load timeout: '20'

2023-04-28 16:10:36 - [MESSAGE][PASSED] - Text '@Jhon123' has been set to element 'Object Repository/Login_Repository/Password_input (1)'

2023-04-28 16:10:36 - [TEST_STEP][PASSED] - tap(findTestObject("Login_Repository/LogIn_Button"), 0): Tapped on element 'Object Repository/Login_Repository/LogIn_Button'

2023-04-28 16:10:36 - [MESSAGE][WARNING] - Timeout '0' is invalid. Using default page load timeout: '20'

2023-04-28 16:10:37 - [MESSAGE][PASSED] - Tapped on element 'Object Repository/Login_Repository/LogIn_Button'

2023-04-28 16:10:37 - [TEST_STEP][PASSED] - verifyElementText(findTestObject("Login_Repository/Verify_error_email_notification"), "Please enter an email address."): Actual text and expected text of test object 'Object Repository/Login_Repository/Verify_error_email_notification' are matched.

2023-04-28 16:10:38 - [MESSAGE][PASSED] - Actual text and expected text of test object 'Object Repository/Login_Repository/Verify_error_email_notification' are matched.

2023-04-28 16:10:38 - [TEST_STEP][PASSED] - verifyElementText(findTestObject("Login_Repository/Verify_error_password_requirement_notif"), "Password must be at least 8 characters, and contain both letters and numbers."): Actual text and expected text of test object 'Object Repository/Login_Repository/Verify_error_password_requirement_notif' are matched.

2023-04-28 16:10:38 - [MESSAGE][PASSED] - Actual text and expected text of test object 'Object Repository/Login_Repository/Verify_error_password_requirement_notif' are matched.

2023-04-28 16:10:38 - [TEST_STEP][PASSED] - delay(3, STOP_ON_FAILURE): Delayed 3 second(s)

2023-04-28 16:10:41 - [MESSAGE][PASSED] - Delayed 3 second(s)

2023-04-28 16:10:41 - [TEST_STEP][PASSED] - takeScreenshot("capture\login_only_inputting_valid_password.png", STOP_ON_FAILURE): Screenshot is taken

2023-04-28 16:10:42 - [MESSAGE][PASSED] - Screenshot is taken
[[ATTACHMENT|capture\login_only_inputting_valid_password.png]]

2023-04-28 16:10:42 - [TEST_STEP][PASSED] - closeApplication(): Close app successfully

2023-04-28 16:10:42 - [MESSAGE][PASSED] - Close app successfully]]></system-out>
         <system-err><![CDATA[]]></system-err>
      </testcase>
      <testcase name="Test Cases/login_without_entering_email_and_password" time="19.797" classname="Test Cases/login_without_entering_email_and_password" status="PASSED">
         <system-out><![CDATA[2023-04-28 16:10:42 - [TEST_CASE][PASSED] - Test Cases/login_without_entering_email_and_password: Test Cases/login_without_entering_email_and_password

2023-04-28 16:10:42 - [TEST_STEP][PASSED] - startApplication(apk, false): Started app at: 'C:\Users\wahyu\Desktop\Automate\Katalon Studio\Sample Project\Mobile\Katalon-Mobile-Uniqlo\apk\uniqlo_ID.apk'

2023-04-28 16:10:42 - [MESSAGE][INFO] - Detected NodeJS location: "C:\Program Files\nodejs\node.exe"

2023-04-28 16:10:43 - [MESSAGE][INFO] - Appium server started on port 58,217

2023-04-28 16:10:50 - [MESSAGE][PASSED] - Started app at: 'C:\Users\wahyu\Desktop\Automate\Katalon Studio\Sample Project\Mobile\Katalon-Mobile-Uniqlo\apk\uniqlo_ID.apk'

2023-04-28 16:10:50 - [TEST_STEP][PASSED] - tap(findTestObject("Login_Repository/login_or_register_Button"), 0): Tapped on element 'Object Repository/Login_Repository/login_or_register_Button'

2023-04-28 16:10:51 - [MESSAGE][WARNING] - Timeout '0' is invalid. Using default page load timeout: '20'

2023-04-28 16:10:53 - [MESSAGE][PASSED] - Tapped on element 'Object Repository/Login_Repository/login_or_register_Button'

2023-04-28 16:10:53 - [TEST_STEP][PASSED] - tap(findTestObject("Login_Repository/LogIn_Button"), 0): Tapped on element 'Object Repository/Login_Repository/LogIn_Button'

2023-04-28 16:10:53 - [MESSAGE][WARNING] - Timeout '0' is invalid. Using default page load timeout: '20'

2023-04-28 16:10:56 - [MESSAGE][PASSED] - Tapped on element 'Object Repository/Login_Repository/LogIn_Button'

2023-04-28 16:10:56 - [TEST_STEP][PASSED] - verifyElementText(findTestObject("Login_Repository/Verify_error_email_notification"), "Please enter an email address."): Actual text and expected text of test object 'Object Repository/Login_Repository/Verify_error_email_notification' are matched.

2023-04-28 16:10:58 - [MESSAGE][PASSED] - Actual text and expected text of test object 'Object Repository/Login_Repository/Verify_error_email_notification' are matched.

2023-04-28 16:10:58 - [TEST_STEP][PASSED] - verifyElementText(findTestObject("Login_Repository/Verify_error_password_notification"), "Please enter a password."): Actual text and expected text of test object 'Object Repository/Login_Repository/Verify_error_password_notification' are matched.

2023-04-28 16:10:58 - [MESSAGE][PASSED] - Actual text and expected text of test object 'Object Repository/Login_Repository/Verify_error_password_notification' are matched.

2023-04-28 16:10:58 - [TEST_STEP][PASSED] - verifyElementText(findTestObject("Login_Repository/Verify_error_password_requirement_notif"), "Password must be at least 8 characters, and contain both letters and numbers."): Actual text and expected text of test object 'Object Repository/Login_Repository/Verify_error_password_requirement_notif' are matched.

2023-04-28 16:10:58 - [MESSAGE][PASSED] - Actual text and expected text of test object 'Object Repository/Login_Repository/Verify_error_password_requirement_notif' are matched.

2023-04-28 16:10:58 - [TEST_STEP][PASSED] - delay(3, STOP_ON_FAILURE): Delayed 3 second(s)

2023-04-28 16:11:01 - [MESSAGE][PASSED] - Delayed 3 second(s)

2023-04-28 16:11:01 - [TEST_STEP][PASSED] - takeScreenshot("capture\login_without_entering_email_and_password.png", STOP_ON_FAILURE): Screenshot is taken

2023-04-28 16:11:01 - [MESSAGE][PASSED] - Screenshot is taken
[[ATTACHMENT|capture\login_without_entering_email_and_password.png]]

2023-04-28 16:11:01 - [TEST_STEP][PASSED] - closeApplication(): Close app successfully

2023-04-28 16:11:02 - [MESSAGE][PASSED] - Close app successfully]]></system-out>
         <system-err><![CDATA[]]></system-err>
      </testcase>
      <system-out><![CDATA[2023-04-28 16:09:42 - [TEST_SUITE][PASSED] - Login_Test: Test Cases/login_without_entering_email_and_password]]></system-out>
      <system-err><![CDATA[]]></system-err>
   </testsuite>
</testsuites>
